<?xml version="1.0" encoding="UTF-8"?>
<testng-results ignored="0" total="6" passed="6" failed="0" skipped="0">
  <reporter-output>
  </reporter-output>
  <suite started-at="2025-05-04T01:13:08 IST" name="MySuite" finished-at="2025-05-04T01:13:32 IST" duration-ms="23709">
    <groups>
      <group name="cucumber">
        <method signature="AbstractTestNGCucumberTests.runScenario(io.cucumber.testng.PickleWrapper,io.cucumber.testng.FeatureWrapper)[pri:0, instance:com.aashish.runners.RunnerTest@5876a9af]" name="runScenario" class="io.cucumber.testng.AbstractTestNGCucumberTests"/>
      </group> <!-- cucumber -->
    </groups>
    <test started-at="2025-05-04T01:13:08 IST" name="Test" finished-at="2025-05-04T01:13:32 IST" duration-ms="23709">
      <class name="com.aashish.runners.RunnerTest">
        <test-method is-config="true" signature="setUpClass(org.testng.ITestContext)[pri:0, instance:com.aashish.runners.RunnerTest@5876a9af]" started-at="2025-05-04T01:13:08 IST" name="setUpClass" finished-at="2025-05-04T01:13:09 IST" duration-ms="913" status="PASS">
          <params>
            <param index="0">
              <value>
                <![CDATA[org.testng.TestRunner@43acd79e]]>
              </value>
            </param>
          </params>
          <reporter-output>
          </reporter-output>
        </test-method> <!-- setUpClass -->
        <test-method signature="runScenario(io.cucumber.testng.PickleWrapper,io.cucumber.testng.FeatureWrapper)[pri:0, instance:com.aashish.runners.RunnerTest@5876a9af]" started-at="2025-05-04T01:13:09 IST" name="runScenario" description="Runs Cucumber Scenarios" data-provider="scenarios" finished-at="2025-05-04T01:13:16 IST" duration-ms="6918" status="PASS">
          <params>
            <param index="0">
              <value>
                <![CDATA["Successful login with standard user"]]>
              </value>
            </param>
            <param index="1">
              <value>
                <![CDATA["Login test cases for Sauce Demo App"]]>
              </value>
            </param>
          </params>
          <reporter-output>
          </reporter-output>
        </test-method> <!-- runScenario -->
        <test-method signature="runScenario(io.cucumber.testng.PickleWrapper,io.cucumber.testng.FeatureWrapper)[pri:0, instance:com.aashish.runners.RunnerTest@5876a9af]" started-at="2025-05-04T01:13:16 IST" name="runScenario" description="Runs Cucumber Scenarios" data-provider="scenarios" finished-at="2025-05-04T01:13:19 IST" duration-ms="3324" status="PASS">
          <params>
            <param index="0">
              <value>
                <![CDATA["Login fails with locked out user"]]>
              </value>
            </param>
            <param index="1">
              <value>
                <![CDATA["Login test cases for Sauce Demo App"]]>
              </value>
            </param>
          </params>
          <reporter-output>
          </reporter-output>
        </test-method> <!-- runScenario -->
        <test-method signature="runScenario(io.cucumber.testng.PickleWrapper,io.cucumber.testng.FeatureWrapper)[pri:0, instance:com.aashish.runners.RunnerTest@5876a9af]" started-at="2025-05-04T01:13:19 IST" name="runScenario" description="Runs Cucumber Scenarios" data-provider="scenarios" finished-at="2025-05-04T01:13:23 IST" duration-ms="3199" status="PASS">
          <params>
            <param index="0">
              <value>
                <![CDATA["Login fails with incorrect password"]]>
              </value>
            </param>
            <param index="1">
              <value>
                <![CDATA["Login test cases for Sauce Demo App"]]>
              </value>
            </param>
          </params>
          <reporter-output>
          </reporter-output>
        </test-method> <!-- runScenario -->
        <test-method signature="runScenario(io.cucumber.testng.PickleWrapper,io.cucumber.testng.FeatureWrapper)[pri:0, instance:com.aashish.runners.RunnerTest@5876a9af]" started-at="2025-05-04T01:13:23 IST" name="runScenario" description="Runs Cucumber Scenarios" data-provider="scenarios" finished-at="2025-05-04T01:13:26 IST" duration-ms="3103" status="PASS">
          <params>
            <param index="0">
              <value>
                <![CDATA["Login fails with empty username and password"]]>
              </value>
            </param>
            <param index="1">
              <value>
                <![CDATA["Login test cases for Sauce Demo App"]]>
              </value>
            </param>
          </params>
          <reporter-output>
          </reporter-output>
        </test-method> <!-- runScenario -->
        <test-method signature="runScenario(io.cucumber.testng.PickleWrapper,io.cucumber.testng.FeatureWrapper)[pri:0, instance:com.aashish.runners.RunnerTest@5876a9af]" started-at="2025-05-04T01:13:26 IST" name="runScenario" description="Runs Cucumber Scenarios" data-provider="scenarios" finished-at="2025-05-04T01:13:29 IST" duration-ms="3088" status="PASS">
          <params>
            <param index="0">
              <value>
                <![CDATA["Login fails with empty password"]]>
              </value>
            </param>
            <param index="1">
              <value>
                <![CDATA["Login test cases for Sauce Demo App"]]>
              </value>
            </param>
          </params>
          <reporter-output>
          </reporter-output>
        </test-method> <!-- runScenario -->
        <test-method signature="runScenario(io.cucumber.testng.PickleWrapper,io.cucumber.testng.FeatureWrapper)[pri:0, instance:com.aashish.runners.RunnerTest@5876a9af]" started-at="2025-05-04T01:13:29 IST" name="runScenario" description="Runs Cucumber Scenarios" data-provider="scenarios" finished-at="2025-05-04T01:13:32 IST" duration-ms="3077" status="PASS">
          <params>
            <param index="0">
              <value>
                <![CDATA["Login fails with empty username"]]>
              </value>
            </param>
            <param index="1">
              <value>
                <![CDATA["Login test cases for Sauce Demo App"]]>
              </value>
            </param>
          </params>
          <reporter-output>
          </reporter-output>
        </test-method> <!-- runScenario -->
        <test-method is-config="true" signature="tearDownClass()[pri:0, instance:com.aashish.runners.RunnerTest@5876a9af]" started-at="2025-05-04T01:13:32 IST" name="tearDownClass" finished-at="2025-05-04T01:13:32 IST" duration-ms="24" status="PASS">
          <reporter-output>
          </reporter-output>
        </test-method> <!-- tearDownClass -->
      </class> <!-- com.aashish.runners.RunnerTest -->
    </test> <!-- Test -->
  </suite> <!-- MySuite -->
</testng-results>
