<?xml version="1.0" encoding="UTF-8"?>
<testsuite xmlns:xsi="http://www.w3.org/2001/XMLSchema-instance" xsi:noNamespaceSchemaLocation="https://maven.apache.org/surefire/maven-surefire-plugin/xsd/surefire-test-report.xsd" version="3.0.2" name="TestSuite" time="22.76" tests="6" errors="0" skipped="0" failures="0">
  <properties>
[...]
</properties>
  <testcase name="runScenario[&quot;Successful login with standard user&quot;, &quot;Login test cases for Sauce Demo App&quot;](1)" classname="com.aashish.runners.RunnerTest" time="5.427">
    <system-out><![CDATA[
@smoke @P1
Scenario: Successful login with standard user       &amp#27;[90m# src/test/resources/Features/Login.feature:7&amp#27;[0m
  &amp#27;[32mGiven &amp#27;[0m&amp#27;[32mI am on the SauceDemo login page&amp#27;[0m            &amp#27;[90m# com.aashish.stepdefinitions.LoginSteps.i_am_on_the_sauce_demo_login_page()&amp#27;[0m
  &amp#27;[32mWhen &amp#27;[0m&amp#27;[32mI enter username &amp#27;[0m&amp#27;[32m&amp#27;[1m"standard_user"&amp#27;[0m             &amp#27;[90m# com.aashish.stepdefinitions.LoginSteps.i_enter_username(java.lang.String)&amp#27;[0m
  &amp#27;[32mAnd &amp#27;[0m&amp#27;[32mI enter password &amp#27;[0m&amp#27;[32m&amp#27;[1m"secret_sauce"&amp#27;[0m               &amp#27;[90m# com.aashish.stepdefinitions.LoginSteps.i_enter_password(java.lang.String)&amp#27;[0m
  &amp#27;[32mAnd &amp#27;[0m&amp#27;[32mI click the Login button&amp#27;[0m                      &amp#27;[90m# com.aashish.stepdefinitions.LoginSteps.i_click_the_Login_button()&amp#27;[0m
  &amp#27;[32mThen &amp#27;[0m&amp#27;[32mI should be redirected to the inventory page&amp#27;[0m &amp#27;[90m# com.aashish.stepdefinitions.LoginSteps.i_should_be_redirected_to_the_inventory_page()&amp#27;[0m
]]></system-out>
    <system-err><![CDATA[SLF4J: Failed to load class "org.slf4j.impl.StaticLoggerBinder".
SLF4J: Defaulting to no-operation (NOP) logger implementation
SLF4J: See http://www.slf4j.org/codes.html#StaticLoggerBinder for further details.
Jun 07, 2025 7:00:12 PM org.openqa.selenium.devtools.CdpVersionFinder findNearestMatch
WARNING: Unable to find an exact match for CDP version 137, returning the closest version; found: 135; Please update to a Selenium version that supports CDP version 137
]]></system-err>
  </testcase>
  <testcase name="runScenario[&quot;Login fails with locked out user&quot;, &quot;Login test cases for Sauce Demo App&quot;](2)" classname="com.aashish.runners.RunnerTest" time="3.153">
    <system-out><![CDATA[
Scenario: Login fails with locked out user                                                 &amp#27;[90m# src/test/resources/Features/Login.feature:13&amp#27;[0m
  &amp#27;[32mGiven &amp#27;[0m&amp#27;[32mI am on the SauceDemo login page&amp#27;[0m                                                   &amp#27;[90m# com.aashish.stepdefinitions.LoginSteps.i_am_on_the_sauce_demo_login_page()&amp#27;[0m
  &amp#27;[32mWhen &amp#27;[0m&amp#27;[32mI enter username &amp#27;[0m&amp#27;[32m&amp#27;[1m"locked_out_user"&amp#27;[0m                                                  &amp#27;[90m# com.aashish.stepdefinitions.LoginSteps.i_enter_username(java.lang.String)&amp#27;[0m
  &amp#27;[32mAnd &amp#27;[0m&amp#27;[32mI enter password &amp#27;[0m&amp#27;[32m&amp#27;[1m"secret_sauce"&amp#27;[0m                                                      &amp#27;[90m# com.aashish.stepdefinitions.LoginSteps.i_enter_password(java.lang.String)&amp#27;[0m
  &amp#27;[32mAnd &amp#27;[0m&amp#27;[32mI click the Login button&amp#27;[0m                                                             &amp#27;[90m# com.aashish.stepdefinitions.LoginSteps.i_click_the_Login_button()&amp#27;[0m
  &amp#27;[32mThen &amp#27;[0m&amp#27;[32mI should see an error message &amp#27;[0m&amp#27;[32m&amp#27;[1m"Epic sadface: Sorry, this user has been locked out."&amp#27;[0m &amp#27;[90m# com.aashish.stepdefinitions.LoginSteps.i_should_see_an_error_message(java.lang.String)&amp#27;[0m
]]></system-out>
    <system-err><![CDATA[Jun 07, 2025 7:00:16 PM org.openqa.selenium.devtools.CdpVersionFinder findNearestMatch
WARNING: Unable to find an exact match for CDP version 137, returning the closest version; found: 135; Please update to a Selenium version that supports CDP version 137
]]></system-err>
  </testcase>
  <testcase name="runScenario[&quot;Login fails with incorrect password&quot;, &quot;Login test cases for Sauce Demo App&quot;](3)" classname="com.aashish.runners.RunnerTest" time="3.034">
    <system-out><![CDATA[
Scenario: Login fails with incorrect password                                                                    &amp#27;[90m# src/test/resources/Features/Login.feature:18&amp#27;[0m
  &amp#27;[32mGiven &amp#27;[0m&amp#27;[32mI am on the SauceDemo login page&amp#27;[0m                                                                         &amp#27;[90m# com.aashish.stepdefinitions.LoginSteps.i_am_on_the_sauce_demo_login_page()&amp#27;[0m
  &amp#27;[32mWhen &amp#27;[0m&amp#27;[32mI enter username &amp#27;[0m&amp#27;[32m&amp#27;[1m"standard_user"&amp#27;[0m                                                                          &amp#27;[90m# com.aashish.stepdefinitions.LoginSteps.i_enter_username(java.lang.String)&amp#27;[0m
  &amp#27;[32mAnd &amp#27;[0m&amp#27;[32mI enter password &amp#27;[0m&amp#27;[32m&amp#27;[1m"wrong_password"&amp#27;[0m                                                                          &amp#27;[90m# com.aashish.stepdefinitions.LoginSteps.i_enter_password(java.lang.String)&amp#27;[0m
  &amp#27;[32mAnd &amp#27;[0m&amp#27;[32mI click the Login button&amp#27;[0m                                                                                   &amp#27;[90m# com.aashish.stepdefinitions.LoginSteps.i_click_the_Login_button()&amp#27;[0m
  &amp#27;[32mThen &amp#27;[0m&amp#27;[32mI should see an error message &amp#27;[0m&amp#27;[32m&amp#27;[1m"Epic sadface: Username and password do not match any user in this service"&amp#27;[0m &amp#27;[90m# com.aashish.stepdefinitions.LoginSteps.i_should_see_an_error_message(java.lang.String)&amp#27;[0m
]]></system-out>
    <system-err><![CDATA[Jun 07, 2025 7:00:19 PM org.openqa.selenium.devtools.CdpVersionFinder findNearestMatch
WARNING: Unable to find an exact match for CDP version 137, returning the closest version; found: 135; Please update to a Selenium version that supports CDP version 137
]]></system-err>
  </testcase>
  <testcase name="runScenario[&quot;Login fails with empty username and password&quot;, &quot;Login test cases for Sauce Demo App&quot;](4)" classname="com.aashish.runners.RunnerTest" time="3.05">
    <system-out><![CDATA[
Scenario: Login fails with empty username and password                    &amp#27;[90m# src/test/resources/Features/Login.feature:23&amp#27;[0m
  &amp#27;[32mGiven &amp#27;[0m&amp#27;[32mI am on the SauceDemo login page&amp#27;[0m                                  &amp#27;[90m# com.aashish.stepdefinitions.LoginSteps.i_am_on_the_sauce_demo_login_page()&amp#27;[0m
  &amp#27;[32mWhen &amp#27;[0m&amp#27;[32mI enter username &amp#27;[0m&amp#27;[32m&amp#27;[1m""&amp#27;[0m                                                &amp#27;[90m# com.aashish.stepdefinitions.LoginSteps.i_enter_username(java.lang.String)&amp#27;[0m
  &amp#27;[32mAnd &amp#27;[0m&amp#27;[32mI enter password &amp#27;[0m&amp#27;[32m&amp#27;[1m""&amp#27;[0m                                                 &amp#27;[90m# com.aashish.stepdefinitions.LoginSteps.i_enter_password(java.lang.String)&amp#27;[0m
  &amp#27;[32mAnd &amp#27;[0m&amp#27;[32mI click the Login button&amp#27;[0m                                            &amp#27;[90m# com.aashish.stepdefinitions.LoginSteps.i_click_the_Login_button()&amp#27;[0m
  &amp#27;[32mThen &amp#27;[0m&amp#27;[32mI should see an error message &amp#27;[0m&amp#27;[32m&amp#27;[1m"Epic sadface: Username is required"&amp#27;[0m &amp#27;[90m# com.aashish.stepdefinitions.LoginSteps.i_should_see_an_error_message(java.lang.String)&amp#27;[0m
]]></system-out>
    <system-err><![CDATA[Jun 07, 2025 7:00:22 PM org.openqa.selenium.devtools.CdpVersionFinder findNearestMatch
WARNING: Unable to find an exact match for CDP version 137, returning the closest version; found: 135; Please update to a Selenium version that supports CDP version 137
]]></system-err>
  </testcase>
  <testcase name="runScenario[&quot;Login fails with empty password&quot;, &quot;Login test cases for Sauce Demo App&quot;](5)" classname="com.aashish.runners.RunnerTest" time="3.148">
    <system-out><![CDATA[
Scenario: Login fails with empty password                                 &amp#27;[90m# src/test/resources/Features/Login.feature:28&amp#27;[0m
  &amp#27;[32mGiven &amp#27;[0m&amp#27;[32mI am on the SauceDemo login page&amp#27;[0m                                  &amp#27;[90m# com.aashish.stepdefinitions.LoginSteps.i_am_on_the_sauce_demo_login_page()&amp#27;[0m
  &amp#27;[32mWhen &amp#27;[0m&amp#27;[32mI enter username &amp#27;[0m&amp#27;[32m&amp#27;[1m"standard_user"&amp#27;[0m                                   &amp#27;[90m# com.aashish.stepdefinitions.LoginSteps.i_enter_username(java.lang.String)&amp#27;[0m
  &amp#27;[32mAnd &amp#27;[0m&amp#27;[32mI enter password &amp#27;[0m&amp#27;[32m&amp#27;[1m""&amp#27;[0m                                                 &amp#27;[90m# com.aashish.stepdefinitions.LoginSteps.i_enter_password(java.lang.String)&amp#27;[0m
  &amp#27;[32mAnd &amp#27;[0m&amp#27;[32mI click the Login button&amp#27;[0m                                            &amp#27;[90m# com.aashish.stepdefinitions.LoginSteps.i_click_the_Login_button()&amp#27;[0m
  &amp#27;[32mThen &amp#27;[0m&amp#27;[32mI should see an error message &amp#27;[0m&amp#27;[32m&amp#27;[1m"Epic sadface: Password is required"&amp#27;[0m &amp#27;[90m# com.aashish.stepdefinitions.LoginSteps.i_should_see_an_error_message(java.lang.String)&amp#27;[0m
]]></system-out>
    <system-err><![CDATA[Jun 07, 2025 7:00:25 PM org.openqa.selenium.devtools.CdpVersionFinder findNearestMatch
WARNING: Unable to find an exact match for CDP version 137, returning the closest version; found: 135; Please update to a Selenium version that supports CDP version 137
]]></system-err>
  </testcase>
  <testcase name="runScenario[&quot;Login fails with empty username&quot;, &quot;Login test cases for Sauce Demo App&quot;](6)" classname="com.aashish.runners.RunnerTest" time="3.003">
    <system-out><![CDATA[
Scenario: Login fails with empty username                                 &amp#27;[90m# src/test/resources/Features/Login.feature:33&amp#27;[0m
  &amp#27;[32mGiven &amp#27;[0m&amp#27;[32mI am on the SauceDemo login page&amp#27;[0m                                  &amp#27;[90m# com.aashish.stepdefinitions.LoginSteps.i_am_on_the_sauce_demo_login_page()&amp#27;[0m
  &amp#27;[32mWhen &amp#27;[0m&amp#27;[32mI enter username &amp#27;[0m&amp#27;[32m&amp#27;[1m""&amp#27;[0m                                                &amp#27;[90m# com.aashish.stepdefinitions.LoginSteps.i_enter_username(java.lang.String)&amp#27;[0m
  &amp#27;[32mAnd &amp#27;[0m&amp#27;[32mI enter password &amp#27;[0m&amp#27;[32m&amp#27;[1m"secret_sauce"&amp#27;[0m                                     &amp#27;[90m# com.aashish.stepdefinitions.LoginSteps.i_enter_password(java.lang.String)&amp#27;[0m
  &amp#27;[32mAnd &amp#27;[0m&amp#27;[32mI click the Login button&amp#27;[0m                                            &amp#27;[90m# com.aashish.stepdefinitions.LoginSteps.i_click_the_Login_button()&amp#27;[0m
  &amp#27;[32mThen &amp#27;[0m&amp#27;[32mI should see an error message &amp#27;[0m&amp#27;[32m&amp#27;[1m"Epic sadface: Username is required"&amp#27;[0m &amp#27;[90m# com.aashish.stepdefinitions.LoginSteps.i_should_see_an_error_message(java.lang.String)&amp#27;[0m
]]></system-out>
    <system-err><![CDATA[Jun 07, 2025 7:00:28 PM org.openqa.selenium.devtools.CdpVersionFinder findNearestMatch
WARNING: Unable to find an exact match for CDP version 137, returning the closest version; found: 135; Please update to a Selenium version that supports CDP version 137
]]></system-err>
  </testcase>
</testsuite>